  Source.cpp
C:\Users\Thomas\OneDrive - The Chinese University of Hong Kong\Desktop\Project\CSCI3260Project\Source.cpp(58,15): warning C4305: 'initializing': truncation from 'double' to 'float'
C:\Users\Thomas\OneDrive - The Chinese University of Hong Kong\Desktop\Project\CSCI3260Project\Source.cpp(205,12): warning C4305: '-=': truncation from 'double' to 'float'
C:\Users\Thomas\OneDrive - The Chinese University of Hong Kong\Desktop\Project\CSCI3260Project\Source.cpp(208,12): warning C4305: '+=': truncation from 'double' to 'float'
C:\Users\Thomas\OneDrive - The Chinese University of Hong Kong\Desktop\Project\CSCI3260Project\Source.cpp(211,12): warning C4305: '-=': truncation from 'double' to 'float'
C:\Users\Thomas\OneDrive - The Chinese University of Hong Kong\Desktop\Project\CSCI3260Project\Source.cpp(214,12): warning C4305: '+=': truncation from 'double' to 'float'
C:\Users\Thomas\OneDrive - The Chinese University of Hong Kong\Desktop\Project\CSCI3260Project\Source.cpp(217,12): warning C4305: '-=': truncation from 'double' to 'float'
C:\Users\Thomas\OneDrive - The Chinese University of Hong Kong\Desktop\Project\CSCI3260Project\Source.cpp(220,12): warning C4305: '+=': truncation from 'double' to 'float'
C:\Users\Thomas\OneDrive - The Chinese University of Hong Kong\Desktop\Project\CSCI3260Project\Source.cpp(224,13): warning C4305: '-=': truncation from 'double' to 'float'
C:\Users\Thomas\OneDrive - The Chinese University of Hong Kong\Desktop\Project\CSCI3260Project\Source.cpp(227,13): warning C4305: '+=': truncation from 'double' to 'float'
C:\Users\Thomas\OneDrive - The Chinese University of Hong Kong\Desktop\Project\CSCI3260Project\Source.cpp(230,13): warning C4305: '-=': truncation from 'double' to 'float'
C:\Users\Thomas\OneDrive - The Chinese University of Hong Kong\Desktop\Project\CSCI3260Project\Source.cpp(233,13): warning C4305: '+=': truncation from 'double' to 'float'
C:\Users\Thomas\OneDrive - The Chinese University of Hong Kong\Desktop\Project\CSCI3260Project\Source.cpp(236,13): warning C4305: '-=': truncation from 'double' to 'float'
C:\Users\Thomas\OneDrive - The Chinese University of Hong Kong\Desktop\Project\CSCI3260Project\Source.cpp(239,13): warning C4305: '+=': truncation from 'double' to 'float'
C:\Users\Thomas\OneDrive - The Chinese University of Hong Kong\Desktop\Project\CSCI3260Project\Source.cpp(248,39): warning C4244: '=': conversion from 'double' to 'T', possible loss of data
          with
          [
              T=float
          ]
C:\Users\Thomas\OneDrive - The Chinese University of Hong Kong\Desktop\Project\CSCI3260Project\Source.cpp(249,39): warning C4244: '=': conversion from 'double' to 'T', possible loss of data
          with
          [
              T=float
          ]
C:\Users\Thomas\OneDrive - The Chinese University of Hong Kong\Desktop\Project\CSCI3260Project\Source.cpp(253,39): warning C4244: '=': conversion from 'double' to 'T', possible loss of data
          with
          [
              T=float
          ]
C:\Users\Thomas\OneDrive - The Chinese University of Hong Kong\Desktop\Project\CSCI3260Project\Source.cpp(254,39): warning C4244: '=': conversion from 'double' to 'T', possible loss of data
          with
          [
              T=float
          ]
C:\Users\Thomas\OneDrive - The Chinese University of Hong Kong\Desktop\Project\CSCI3260Project\Source.cpp(258,39): warning C4244: '=': conversion from 'double' to 'T', possible loss of data
          with
          [
              T=float
          ]
C:\Users\Thomas\OneDrive - The Chinese University of Hong Kong\Desktop\Project\CSCI3260Project\Source.cpp(259,39): warning C4244: '=': conversion from 'double' to 'T', possible loss of data
          with
          [
              T=float
          ]
C:\Users\Thomas\OneDrive - The Chinese University of Hong Kong\Desktop\Project\CSCI3260Project\Source.cpp(263,39): warning C4244: '=': conversion from 'double' to 'T', possible loss of data
          with
          [
              T=float
          ]
C:\Users\Thomas\OneDrive - The Chinese University of Hong Kong\Desktop\Project\CSCI3260Project\Source.cpp(264,39): warning C4244: '=': conversion from 'double' to 'T', possible loss of data
          with
          [
              T=float
          ]
C:\Users\Thomas\OneDrive - The Chinese University of Hong Kong\Desktop\Project\CSCI3260Project\Source.cpp(287,9): warning C4244: '=': conversion from 'int' to 'float', possible loss of data
C:\Users\Thomas\OneDrive - The Chinese University of Hong Kong\Desktop\Project\CSCI3260Project\Source.cpp(636,28): warning C4267: '=': conversion from 'size_t' to 'GLsizei', possible loss of data
C:\Users\Thomas\OneDrive - The Chinese University of Hong Kong\Desktop\Project\CSCI3260Project\Source.cpp(690,30): warning C4267: '=': conversion from 'size_t' to 'GLsizei', possible loss of data
C:\Users\Thomas\OneDrive - The Chinese University of Hong Kong\Desktop\Project\CSCI3260Project\Source.cpp(742,30): warning C4267: '=': conversion from 'size_t' to 'GLsizei', possible loss of data
C:\Users\Thomas\OneDrive - The Chinese University of Hong Kong\Desktop\Project\CSCI3260Project\Source.cpp(794,30): warning C4267: '=': conversion from 'size_t' to 'GLsizei', possible loss of data
C:\Users\Thomas\OneDrive - The Chinese University of Hong Kong\Desktop\Project\CSCI3260Project\Source.cpp(846,30): warning C4267: '=': conversion from 'size_t' to 'GLsizei', possible loss of data
C:\Users\Thomas\OneDrive - The Chinese University of Hong Kong\Desktop\Project\CSCI3260Project\Source.cpp(899,31): warning C4267: '=': conversion from 'size_t' to 'GLsizei', possible loss of data
C:\Users\Thomas\OneDrive - The Chinese University of Hong Kong\Desktop\Project\CSCI3260Project\Source.cpp(926,33): warning C4267: '=': conversion from 'size_t' to 'GLsizei', possible loss of data
C:\Users\Thomas\OneDrive - The Chinese University of Hong Kong\Desktop\Project\CSCI3260Project\Source.cpp(931,21): warning C4305: 'initializing': truncation from 'double' to 'float'
C:\Users\Thomas\OneDrive - The Chinese University of Hong Kong\Desktop\Project\CSCI3260Project\Source.cpp(991,18): warning C4244: 'initializing': conversion from 'int' to 'float', possible loss of data
  csci3260project.vcxproj -> C:\Users\Thomas\OneDrive - The Chinese University of Hong Kong\Desktop\Project\CSCI3260Project\x64\Debug\csci3260project.exe
